#
# There is insufficient memory for the Java Runtime Environment to continue.
# Native memory allocation (malloc) failed to allocate 14123 bytes for unable to allocate cached copy of original class bytes
# Possible reasons:
#   The system is out of physical RAM or swap space
#   In 32 bit mode, the process size limit was hit
# Possible solutions:
#   Reduce memory load on the system
#   Increase physical memory or swap space
#   Check if swap backing store is full
#   Use 64 bit Java on a 64 bit OS
#   Decrease Java heap size (-Xmx/-Xms)
#   Decrease number of Java threads
#   Decrease Java thread stack sizes (-Xss)
#   Set larger code cache with -XX:ReservedCodeCacheSize=
# This output file may be truncated or incomplete.
#
#  Out of Memory Error (jvmtiExport.cpp:627), pid=25576, tid=0x0000000000001e18
#
# JRE version: Java(TM) SE Runtime Environment (8.0_172-b11) (build 1.8.0_172-b11)
# Java VM: Java HotSpot(TM) 64-Bit Server VM (25.172-b11 mixed mode windows-amd64 compressed oops)
# Failed to write core dump. Minidumps are not enabled by default on client versions of Windows
#

---------------  T H R E A D  ---------------

Current thread (0x0000000023793000):  JavaThread "localhost-startStop-1" daemon [_thread_in_native, id=7704, stack(0x0000000026500000,0x0000000026600000)]

Stack: [0x0000000026500000,0x0000000026600000]
[error occurred during error reporting (printing stack bounds), id 0xc0000005]

Native frames: (J=compiled Java code, j=interpreted, Vv=VM code, C=native code)

Java frames: (J=compiled Java code, j=interpreted, Vv=VM code)
j  javax.xml.bind.JAXBContext.newInstance(Ljava/lang/String;Ljava/lang/ClassLoader;Ljava/util/Map;)Ljavax/xml/bind/JAXBContext;+5
j  javax.xml.bind.JAXBContext.newInstance(Ljava/lang/String;Ljava/lang/ClassLoader;)Ljavax/xml/bind/JAXBContext;+5
j  com.sun.jersey.server.impl.wadl.WadlApplicationContextImpl.<init>(Ljava/util/Set;Lcom/sun/jersey/api/core/ResourceConfig;Ljavax/ws/rs/ext/Providers;)V+70
j  com.sun.jersey.server.impl.wadl.WadlFactory.init(Lcom/sun/jersey/core/spi/factory/InjectableProviderFactory;Ljava/util/Set;)V+22
j  com.sun.jersey.server.impl.application.RootResourceUriRules.initWadl(Ljava/util/Set;)V+20
j  com.sun.jersey.server.impl.application.RootResourceUriRules.<init>(Lcom/sun/jersey/server/impl/application/WebApplicationImpl;Lcom/sun/jersey/api/core/ResourceConfig;Lcom/sun/jersey/server/impl/wadl/WadlFactory;Lcom/sun/jersey/core/spi/factory/InjectableProviderFactory;)V+121
j  com.sun.jersey.server.impl.application.WebApplicationImpl._initiate(Lcom/sun/jersey/api/core/ResourceConfig;Lcom/sun/jersey/core/spi/component/ioc/IoCComponentProviderFactory;)V+1795
j  com.sun.jersey.server.impl.application.WebApplicationImpl.access$700(Lcom/sun/jersey/server/impl/application/WebApplicationImpl;Lcom/sun/jersey/api/core/ResourceConfig;Lcom/sun/jersey/core/spi/component/ioc/IoCComponentProviderFactory;)V+3
j  com.sun.jersey.server.impl.application.WebApplicationImpl$13.f()Ljava/lang/Void;+20
j  com.sun.jersey.server.impl.application.WebApplicationImpl$13.f()Ljava/lang/Object;+5
j  com.sun.jersey.spi.inject.Errors.processWithErrors(Lcom/sun/jersey/spi/inject/Errors$Closure;)Ljava/lang/Object;+36
j  com.sun.jersey.server.impl.application.WebApplicationImpl.initiate(Lcom/sun/jersey/api/core/ResourceConfig;Lcom/sun/jersey/core/spi/component/ioc/IoCComponentProviderFactory;)V+10
j  com.sun.jersey.server.impl.application.WebApplicationImpl.initiate(Lcom/sun/jersey/api/core/ResourceConfig;)V+3
j  com.sun.jersey.spi.container.servlet.ServletContainer.initiate(Lcom/sun/jersey/api/core/ResourceConfig;Lcom/sun/jersey/spi/container/WebApplication;)V+6
j  com.sun.jersey.spi.container.servlet.ServletContainer$InternalWebComponent.initiate(Lcom/sun/jersey/api/core/ResourceConfig;Lcom/sun/jersey/spi/container/WebApplication;)V+10
j  com.sun.jersey.spi.container.servlet.WebComponent.load()V+28
j  com.sun.jersey.spi.container.servlet.WebComponent.init(Lcom/sun/jersey/spi/container/servlet/WebConfig;)V+29
j  com.sun.jersey.spi.container.servlet.ServletContainer.init(Lcom/sun/jersey/spi/container/servlet/WebConfig;)V+43
j  com.sun.jersey.spi.container.servlet.ServletContainer.init(Ljavax/servlet/FilterConfig;)V+18
j  org.apache.catalina.core.ApplicationFilterConfig.initFilter()V+111
j  org.apache.catalina.core.ApplicationFilterConfig.<init>(Lorg/apache/catalina/Context;Lorg/apache/tomcat/util/descriptor/web/FilterDef;)V+65
j  org.apache.catalina.core.StandardContext.filterStart()Z+167
j  org.apache.catalina.core.StandardContext.startInternal()V+1424
j  org.apache.catalina.util.LifecycleBase.start()V+219
j  org.apache.catalina.core.ContainerBase$StartChild.call()Ljava/lang/Void;+8
j  org.apache.catalina.core.ContainerBase$StartChild.call()Ljava/lang/Object;+5
J 7012 C1 java.util.concurrent.FutureTask.run()V (136 bytes) @ 0x00000000035fed44 [0x00000000035fec80+0xc4]
j  java.util.concurrent.ThreadPoolExecutor.runWorker(Ljava/util/concurrent/ThreadPoolExecutor$Worker;)V+95
j  java.util.concurrent.ThreadPoolExecutor$Worker.run()V+5
j  java.lang.Thread.run()V+15
v  ~StubRoutines::call_stub

---------------  P R O C E S S  ---------------

Java Threads: ( => current thread )
=>0x0000000023793000 JavaThread "localhost-startStop-1" daemon [_thread_in_native, id=7704, stack(0x0000000026500000,0x0000000026600000)]
  0x0000000023799000 JavaThread "Tomcat-startStop-1" daemon [_thread_blocked, id=28440, stack(0x0000000023060000,0x0000000023160000)]
  0x000000001f2d5000 JavaThread "RMI TCP Connection(3)-172.22.163.68" daemon [_thread_in_native, id=25608, stack(0x0000000022960000,0x0000000022a60000)]
  0x000000001f2d9000 JavaThread "RMI Scheduler(0)" daemon [_thread_blocked, id=4044, stack(0x0000000022d60000,0x0000000022e60000)]
  0x000000001f2d8000 JavaThread "RMI TCP Connection(2)-172.22.163.68" daemon [_thread_in_native, id=25004, stack(0x0000000022c60000,0x0000000022d60000)]
  0x000000001f2cb000 JavaThread "RMI TCP Accept-0" daemon [_thread_in_native, id=21916, stack(0x0000000022560000,0x0000000022660000)]
  0x000000001f2d0800 JavaThread "Service Thread" daemon [_thread_blocked, id=25784, stack(0x0000000021290000,0x0000000021390000)]
  0x000000001f62b000 JavaThread "C1 CompilerThread2" daemon [_thread_blocked, id=26612, stack(0x0000000021190000,0x0000000021290000)]
  0x000000001f62a000 JavaThread "C2 CompilerThread1" daemon [_thread_blocked, id=27564, stack(0x0000000021090000,0x0000000021190000)]
  0x000000001f61e000 JavaThread "C2 CompilerThread0" daemon [_thread_blocked, id=24136, stack(0x0000000020f90000,0x0000000021090000)]
  0x000000001f2cf800 JavaThread "pool-3-thread-1" daemon [_thread_blocked, id=12588, stack(0x0000000020e90000,0x0000000020f90000)]
  0x000000001f2cc800 JavaThread "rebel-change-detector-thread" daemon [_thread_blocked, id=24720, stack(0x0000000020d90000,0x0000000020e90000)]
  0x000000001f2d1000 JavaThread "rebel-debugger-thread" daemon [_thread_blocked, id=27924, stack(0x0000000020b90000,0x0000000020c90000)]
  0x000000001f2cd800 JavaThread "rebel-debugger-attach-notifier" daemon [_thread_blocked, id=27224, stack(0x0000000020a90000,0x0000000020b90000)]
  0x000000001f2d2000 JavaThread "rebel-heartbeat-thread" daemon [_thread_blocked, id=18092, stack(0x0000000020990000,0x0000000020a90000)]
  0x000000001f2cc000 JavaThread "rebel-redeploy-thread" daemon [_thread_blocked, id=27832, stack(0x0000000020890000,0x0000000020990000)]
  0x000000001f2ca800 JavaThread "rebel-weak-reaper" daemon [_thread_blocked, id=22400, stack(0x0000000020190000,0x0000000020290000)]
  0x000000001f2cf000 JavaThread "rebel-IDENotificationsImpl-PostCycle" daemon [_thread_blocked, id=26308, stack(0x0000000020590000,0x0000000020690000)]
  0x000000001db29000 JavaThread "rebel-leaseManager-1" daemon [_thread_blocked, id=27172, stack(0x0000000020090000,0x0000000020190000)]
  0x000000001db28000 JavaThread "rebel-messaging-executor-27" daemon [_thread_blocked, id=23716, stack(0x000000001ff90000,0x0000000020090000)]
  0x000000001db29800 JavaThread "rebel-fsnotify-OutputReader" daemon [_thread_blocked, id=28428, stack(0x000000001e7d0000,0x000000001e8d0000)]
  0x000000001db27800 JavaThread "rebel-fsnotify-OutputReader" daemon [_thread_in_native, id=3532, stack(0x000000001e6d0000,0x000000001e7d0000)]
  0x000000001db26800 JavaThread "rebel-fsnotify-ShutdownOnTermination" daemon [_thread_in_native, id=27816, stack(0x000000001e5d0000,0x000000001e6d0000)]
  0x000000001da2c800 JavaThread "rebel-CacheKeepAlive" daemon [_thread_blocked, id=28052, stack(0x000000001e0c0000,0x000000001e1c0000)]
  0x000000001da2a800 JavaThread "rebel-logger" daemon [_thread_blocked, id=26076, stack(0x000000001dfc0000,0x000000001e0c0000)]
  0x000000001cf08000 JavaThread "JDWP Command Reader" daemon [_thread_in_native, id=28400, stack(0x000000001d6c0000,0x000000001d7c0000)]
  0x000000001bb4b000 JavaThread "JDWP Event Helper Thread" daemon [_thread_blocked, id=25220, stack(0x000000001d5c0000,0x000000001d6c0000)]
  0x000000001cefc800 JavaThread "JDWP Transport Listener: dt_socket" daemon [_thread_blocked, id=24812, stack(0x000000001d4c0000,0x000000001d5c0000)]
  0x000000001cef1800 JavaThread "Attach Listener" daemon [_thread_blocked, id=23860, stack(0x000000001d3a0000,0x000000001d4a0000)]
  0x000000001bb49800 JavaThread "Signal Dispatcher" daemon [_thread_blocked, id=2848, stack(0x000000001d2a0000,0x000000001d3a0000)]
  0x000000001bafa800 JavaThread "Finalizer" daemon [_thread_blocked, id=24304, stack(0x000000001cd40000,0x000000001ce40000)]
  0x000000001baf7000 JavaThread "Reference Handler" daemon [_thread_blocked, id=23824, stack(0x000000001cc40000,0x000000001cd40000)]
  0x00000000025db000 JavaThread "main" [_thread_blocked, id=28576, stack(0x00000000024d0000,0x00000000025d0000)]

Other Threads:
  0x000000001baf1000 VMThread [stack: 0x000000001cb40000,0x000000001cc40000] [id=22996]
  0x0000000021684800 WatcherThread [stack: 0x0000000022660000,0x0000000022760000] [id=25296]

VM state:not at safepoint (normal execution)

VM Mutex/Monitor currently owned by a thread: None

Heap:
 PSYoungGen      total 385024K, used 170819K [0x000000076d600000, 0x0000000787200000, 0x00000007c0000000)
  eden space 363520K, 46% used [0x000000076d600000,0x0000000777cd0ce0,0x0000000783900000)
  from space 21504K, 0% used [0x0000000785200000,0x0000000785200000,0x0000000786700000)
  to   space 25600K, 0% used [0x0000000783900000,0x0000000783900000,0x0000000785200000)
 ParOldGen       total 276992K, used 41850K [0x00000006c8200000, 0x00000006d9080000, 0x000000076d600000)
  object space 276992K, 15% used [0x00000006c8200000,0x00000006caade850,0x00000006d9080000)
 Metaspace       used 60756K, capacity 62086K, committed 62424K, reserved 1103872K
  class space    used 7485K, capacity 7819K, committed 7896K, reserved 1048576K

Card table byte_map: [0x0000000011cb0000,0x0000000012470000] byte_map_base: 0x000000000e66f000

Marking Bits: (ParMarkBitMap*) 0x0000000072313c10
 Begin Bits: [0x0000000012da0000, 0x0000000016b98000)
 End Bits:   [0x0000000016b98000, 0x000000001a990000)

Polling page: 0x0000000001fd0000

CodeCache: size=245760Kb used=15458Kb max_used=15458Kb free=230301Kb
 bounds [0x00000000028f0000, 0x0000000003810000, 0x00000000118f0000]
 total_blobs=8734 nmethods=8237 adapters=416
 compilation: enabled

Compilation events (10 events):
Event: 22.679 Thread 0x000000001f62b000 8356       1       java.util.TreeMap$PrivateEntryIterator::_jr$ig$expectedModCount (8 bytes)
Event: 22.679 Thread 0x000000001f62b000 nmethod 8356 0x0000000003806810 code [0x0000000003806960, 0x0000000003806a90]
Event: 22.679 Thread 0x000000001f62b000 8357       1       java.util.TreeMap$PrivateEntryIterator::_jr$ip$next (9 bytes)
Event: 22.679 Thread 0x000000001f62b000 nmethod 8357 0x0000000003806b50 code [0x0000000003806ca0, 0x0000000003806df0]
Event: 22.679 Thread 0x000000001f62b000 8358       1       java.util.TreeMap$PrivateEntryIterator::_jr$ip$lastReturned (9 bytes)
Event: 22.679 Thread 0x000000001f62b000 nmethod 8358 0x0000000003806e90 code [0x0000000003806fe0, 0x0000000003807130]
Event: 22.685 Thread 0x000000001f62b000 8359       1       java.util.logging.Logger::_jr$ig$kids (8 bytes)
Event: 22.685 Thread 0x000000001f62b000 nmethod 8359 0x00000000038071d0 code [0x0000000003807320, 0x0000000003807450]
Event: 22.693 Thread 0x000000001f62b000 8360       1       java.util.TreeMap::_jr$ig$comparator (8 bytes)
Event: 22.693 Thread 0x000000001f62b000 nmethod 8360 0x0000000003807510 code [0x0000000003807660, 0x0000000003807790]

GC Heap History (10 events):
Event: 17.076 GC heap before
{Heap before GC invocations=15 (full 2):
 PSYoungGen      total 246784K, used 245591K [0x000000076d600000, 0x000000077d680000, 0x00000007c0000000)
  eden space 237056K, 100% used [0x000000076d600000,0x000000077bd80000,0x000000077bd80000)
  from space 9728K, 87% used [0x000000077cd00000,0x000000077d555c68,0x000000077d680000)
  to   space 12800K, 0% used [0x000000077bd80000,0x000000077bd80000,0x000000077ca00000)
 ParOldGen       total 190976K, used 18802K [0x00000006c8200000, 0x00000006d3c80000, 0x000000076d600000)
  object space 190976K, 9% used [0x00000006c8200000,0x00000006c945cb58,0x00000006d3c80000)
 Metaspace       used 48878K, capacity 50064K, committed 50520K, reserved 1093632K
  class space    used 6062K, capacity 6370K, committed 6488K, reserved 1048576K
Event: 17.090 GC heap after
Heap after GC invocations=15 (full 2):
 PSYoungGen      total 249856K, used 12774K [0x000000076d600000, 0x0000000781200000, 0x00000007c0000000)
  eden space 237056K, 0% used [0x000000076d600000,0x000000076d600000,0x000000077bd80000)
  from space 12800K, 99% used [0x000000077bd80000,0x000000077c9f9b00,0x000000077ca00000)
  to   space 14848K, 0% used [0x0000000780380000,0x0000000780380000,0x0000000781200000)
 ParOldGen       total 190976K, used 19910K [0x00000006c8200000, 0x00000006d3c80000, 0x000000076d600000)
  object space 190976K, 10% used [0x00000006c8200000,0x00000006c9571a60,0x00000006d3c80000)
 Metaspace       used 48878K, capacity 50064K, committed 50520K, reserved 1093632K
  class space    used 6062K, capacity 6370K, committed 6488K, reserved 1048576K
}
Event: 18.635 GC heap before
{Heap before GC invocations=16 (full 2):
 PSYoungGen      total 249856K, used 249830K [0x000000076d600000, 0x0000000781200000, 0x00000007c0000000)
  eden space 237056K, 100% used [0x000000076d600000,0x000000077bd80000,0x000000077bd80000)
  from space 12800K, 99% used [0x000000077bd80000,0x000000077c9f9b00,0x000000077ca00000)
  to   space 14848K, 0% used [0x0000000780380000,0x0000000780380000,0x0000000781200000)
 ParOldGen       total 190976K, used 19910K [0x00000006c8200000, 0x00000006d3c80000, 0x000000076d600000)
  object space 190976K, 10% used [0x00000006c8200000,0x00000006c9571a60,0x00000006d3c80000)
 Metaspace       used 52547K, capacity 53772K, committed 53976K, reserved 1095680K
  class space    used 6489K, capacity 6828K, committed 6872K, reserved 1048576K
Event: 18.651 GC heap after
Heap after GC invocations=16 (full 2):
 PSYoungGen      total 306176K, used 14844K [0x000000076d600000, 0x0000000781780000, 0x00000007c0000000)
  eden space 291328K, 0% used [0x000000076d600000,0x000000076d600000,0x000000077f280000)
  from space 14848K, 99% used [0x0000000780380000,0x00000007811ff198,0x0000000781200000)
  to   space 17408K, 0% used [0x000000077f280000,0x000000077f280000,0x0000000780380000)
 ParOldGen       total 190976K, used 21570K [0x00000006c8200000, 0x00000006d3c80000, 0x000000076d600000)
  object space 190976K, 11% used [0x00000006c8200000,0x00000006c9710ad8,0x00000006d3c80000)
 Metaspace       used 52547K, capacity 53772K, committed 53976K, reserved 1095680K
  class space    used 6489K, capacity 6828K, committed 6872K, reserved 1048576K
}
Event: 19.900 GC heap before
{Heap before GC invocations=17 (full 2):
 PSYoungGen      total 306176K, used 306172K [0x000000076d600000, 0x0000000781780000, 0x00000007c0000000)
  eden space 291328K, 100% used [0x000000076d600000,0x000000077f280000,0x000000077f280000)
  from space 14848K, 99% used [0x0000000780380000,0x00000007811ff198,0x0000000781200000)
  to   space 17408K, 0% used [0x000000077f280000,0x000000077f280000,0x0000000780380000)
 ParOldGen       total 190976K, used 21570K [0x00000006c8200000, 0x00000006d3c80000, 0x000000076d600000)
  object space 190976K, 11% used [0x00000006c8200000,0x00000006c9710ad8,0x00000006d3c80000)
 Metaspace       used 55800K, capacity 57094K, committed 57432K, reserved 1099776K
  class space    used 6792K, capacity 7131K, committed 7256K, reserved 1048576K
Event: 19.921 GC heap after
Heap after GC invocations=17 (full 2):
 PSYoungGen      total 308736K, used 17399K [0x000000076d600000, 0x0000000786700000, 0x00000007c0000000)
  eden space 291328K, 0% used [0x000000076d600000,0x000000076d600000,0x000000077f280000)
  from space 17408K, 99% used [0x000000077f280000,0x000000078037dd10,0x0000000780380000)
  to   space 21504K, 0% used [0x0000000785200000,0x0000000785200000,0x0000000786700000)
 ParOldGen       total 190976K, used 25952K [0x00000006c8200000, 0x00000006d3c80000, 0x000000076d600000)
  object space 190976K, 13% used [0x00000006c8200000,0x00000006c9b58108,0x00000006d3c80000)
 Metaspace       used 55800K, capacity 57094K, committed 57432K, reserved 1099776K
  class space    used 6792K, capacity 7131K, committed 7256K, reserved 1048576K
}
Event: 21.408 GC heap before
{Heap before GC invocations=18 (full 2):
 PSYoungGen      total 308736K, used 215247K [0x000000076d600000, 0x0000000786700000, 0x00000007c0000000)
  eden space 291328K, 67% used [0x000000076d600000,0x00000007797361b8,0x000000077f280000)
  from space 17408K, 99% used [0x000000077f280000,0x000000078037dd10,0x0000000780380000)
  to   space 21504K, 0% used [0x0000000785200000,0x0000000785200000,0x0000000786700000)
 ParOldGen       total 190976K, used 25952K [0x00000006c8200000, 0x00000006d3c80000, 0x000000076d600000)
  object space 190976K, 13% used [0x00000006c8200000,0x00000006c9b58108,0x00000006d3c80000)
 Metaspace       used 57487K, capacity 58780K, committed 59028K, reserved 1101824K
  class space    used 7020K, capacity 7364K, committed 7384K, reserved 1048576K
Event: 21.430 GC heap after
Heap after GC invocations=18 (full 2):
 PSYoungGen      total 385024K, used 21500K [0x000000076d600000, 0x0000000787200000, 0x00000007c0000000)
  eden space 363520K, 0% used [0x000000076d600000,0x000000076d600000,0x0000000783900000)
  from space 21504K, 99% used [0x0000000785200000,0x00000007866ff310,0x0000000786700000)
  to   space 25600K, 0% used [0x0000000783900000,0x0000000783900000,0x0000000785200000)
 ParOldGen       total 190976K, used 28334K [0x00000006c8200000, 0x00000006d3c80000, 0x000000076d600000)
  object space 190976K, 14% used [0x00000006c8200000,0x00000006c9dab910,0x00000006d3c80000)
 Metaspace       used 57487K, capacity 58780K, committed 59028K, reserved 1101824K
  class space    used 7020K, capacity 7364K, committed 7384K, reserved 1048576K
}
Event: 21.430 GC heap before
{Heap before GC invocations=19 (full 3):
 PSYoungGen      total 385024K, used 21500K [0x000000076d600000, 0x0000000787200000, 0x00000007c0000000)
  eden space 363520K, 0% used [0x000000076d600000,0x000000076d600000,0x0000000783900000)
  from space 21504K, 99% used [0x0000000785200000,0x00000007866ff310,0x0000000786700000)
  to   space 25600K, 0% used [0x0000000783900000,0x0000000783900000,0x0000000785200000)
 ParOldGen       total 190976K, used 28334K [0x00000006c8200000, 0x00000006d3c80000, 0x000000076d600000)
  object space 190976K, 14% used [0x00000006c8200000,0x00000006c9dab910,0x00000006d3c80000)
 Metaspace       used 57487K, capacity 58780K, committed 59028K, reserved 1101824K
  class space    used 7020K, capacity 7364K, committed 7384K, reserved 1048576K
Event: 21.646 GC heap after
Heap after GC invocations=19 (full 3):
 PSYoungGen      total 385024K, used 0K [0x000000076d600000, 0x0000000787200000, 0x00000007c0000000)
  eden space 363520K, 0% used [0x000000076d600000,0x000000076d600000,0x0000000783900000)
  from space 21504K, 0% used [0x0000000785200000,0x0000000785200000,0x0000000786700000)
  to   space 25600K, 0% used [0x0000000783900000,0x0000000783900000,0x0000000785200000)
 ParOldGen       total 276992K, used 41850K [0x00000006c8200000, 0x00000006d9080000, 0x000000076d600000)
  object space 276992K, 15% used [0x00000006c8200000,0x00000006caade850,0x00000006d9080000)
 Metaspace       used 57487K, capacity 58780K, committed 59028K, reserved 1101824K
  class space    used 7020K, capacity 7364K, committed 7384K, reserved 1048576K
}

Deoptimization events (0 events):
No events

Classes redefined (7 events):
Event: 2.995 Thread 0x000000001baf1000 redefined class name=com.zeroturnaround.jrebelbase.facade.av, count=1
Event: 2.998 Thread 0x000000001baf1000 redefined class name=com.zeroturnaround.jrebelbase.facade.ap, count=1
Event: 3.005 Thread 0x000000001baf1000 redefined class name=com.zeroturnaround.jrebelbase.facade.a, count=1
Event: 3.015 Thread 0x000000001baf1000 redefined class name=com.zeroturnaround.jrebelbase.l, count=1
Event: 3.024 Thread 0x000000001baf1000 redefined class name=com.zeroturnaround.jrebelbase.facade.h, count=1
Event: 3.028 Thread 0x000000001baf1000 redefined class name=com.zeroturnaround.jrebelbase.facade.g, count=1
Event: 3.039 Thread 0x000000001baf1000 redefined class name=com.zeroturnaround.jrebelbase.facade.i, count=1

Internal exceptions (10 events):
Event: 22.601 Thread 0x0000000023793000 Exception <a 'java/lang/ArrayIndexOutOfBoundsException'> (0x000000077683e170) thrown at [C:\re\workspace\8-2-build-windows-amd64-cygwin\jdk8u172\10810\hotspot\src\share\vm\runtime\sharedRuntime.cpp, line 605]
Event: 22.601 Thread 0x0000000023793000 Exception <a 'java/lang/ArrayIndexOutOfBoundsException'> (0x000000077683f668) thrown at [C:\re\workspace\8-2-build-windows-amd64-cygwin\jdk8u172\10810\hotspot\src\share\vm\runtime\sharedRuntime.cpp, line 605]
Event: 22.601 Thread 0x0000000023793000 Exception <a 'java/lang/ArrayIndexOutOfBoundsException'> (0x0000000776844ca0) thrown at [C:\re\workspace\8-2-build-windows-amd64-cygwin\jdk8u172\10810\hotspot\src\share\vm\runtime\sharedRuntime.cpp, line 605]
Event: 22.601 Thread 0x0000000023793000 Exception <a 'java/lang/ArrayIndexOutOfBoundsException'> (0x0000000776846198) thrown at [C:\re\workspace\8-2-build-windows-amd64-cygwin\jdk8u172\10810\hotspot\src\share\vm\runtime\sharedRuntime.cpp, line 605]
Event: 22.602 Thread 0x0000000023793000 Exception <a 'java/lang/ArrayIndexOutOfBoundsException'> (0x000000077684b7d0) thrown at [C:\re\workspace\8-2-build-windows-amd64-cygwin\jdk8u172\10810\hotspot\src\share\vm\runtime\sharedRuntime.cpp, line 605]
Event: 22.602 Thread 0x0000000023793000 Exception <a 'java/lang/ArrayIndexOutOfBoundsException'> (0x000000077684ccc8) thrown at [C:\re\workspace\8-2-build-windows-amd64-cygwin\jdk8u172\10810\hotspot\src\share\vm\runtime\sharedRuntime.cpp, line 605]
Event: 22.602 Thread 0x0000000023793000 Exception <a 'java/lang/ArrayIndexOutOfBoundsException'> (0x0000000776852300) thrown at [C:\re\workspace\8-2-build-windows-amd64-cygwin\jdk8u172\10810\hotspot\src\share\vm\runtime\sharedRuntime.cpp, line 605]
Event: 22.602 Thread 0x0000000023793000 Exception <a 'java/lang/ArrayIndexOutOfBoundsException'> (0x00000007768537f8) thrown at [C:\re\workspace\8-2-build-windows-amd64-cygwin\jdk8u172\10810\hotspot\src\share\vm\runtime\sharedRuntime.cpp, line 605]
Event: 22.602 Thread 0x0000000023793000 Exception <a 'java/lang/ArrayIndexOutOfBoundsException'> (0x0000000776859010) thrown at [C:\re\workspace\8-2-build-windows-amd64-cygwin\jdk8u172\10810\hotspot\src\share\vm\runtime\sharedRuntime.cpp, line 605]
Event: 22.602 Thread 0x0000000023793000 Exception <a 'java/lang/ArrayIndexOutOfBoundsException'> (0x000000077685a508) thrown at [C:\re\workspace\8-2-build-windows-amd64-cygwin\jdk8u172\10810\hotspot\src\share\vm\runtime\sharedRuntime.cpp, line 605]

Events (10 events):
Event: 22.690 Thread 0x0000000023793000 DEOPT UNPACKING pc=0x0000000002937890 sp=0x00000000265fb320 mode 1
Event: 22.692 loading class com/sun/research/ws/wadl/Application
Event: 22.692 loading class com/sun/research/ws/wadl/Application done
Event: 22.692 Thread 0x0000000023793000 DEOPT PACKING pc=0x0000000002dfb331 sp=0x00000000265fd330
Event: 22.692 Thread 0x0000000023793000 DEOPT UNPACKING pc=0x0000000002937890 sp=0x00000000265fd090 mode 1
Event: 22.692 Thread 0x0000000023793000 DEOPT PACKING pc=0x00000000036df354 sp=0x00000000265fd3c0
Event: 22.692 Thread 0x0000000023793000 DEOPT UNPACKING pc=0x0000000002937890 sp=0x00000000265fd150 mode 1
Event: 22.692 Thread 0x0000000023793000 DEOPT PACKING pc=0x00000000036df2ac sp=0x00000000265fd4c0
Event: 22.692 Thread 0x0000000023793000 DEOPT UNPACKING pc=0x0000000002937890 sp=0x00000000265fd250 mode 1
Event: 22.694 loading class javax/xml/bind/ContextFinder


Dynamic libraries:
0x00007ff631650000 - 0x00007ff631687000 	E:\jdk1.8.0_172\bin\java.exe
0x00007ff8ce4b0000 - 0x00007ff8ce671000 	C:\Windows\SYSTEM32\ntdll.dll
0x00007ff8cc0a0000 - 0x00007ff8cc14d000 	C:\Windows\system32\KERNEL32.DLL
0x00007ff8cb940000 - 0x00007ff8cbb1d000 	C:\Windows\system32\KERNELBASE.dll
0x00007ff8ce400000 - 0x00007ff8ce4a6000 	C:\Windows\system32\ADVAPI32.dll
0x00007ff8cbea0000 - 0x00007ff8cbf3d000 	C:\Windows\system32\msvcrt.dll
0x00007ff8cc2e0000 - 0x00007ff8cc33b000 	C:\Windows\system32\sechost.dll
0x00007ff8cc7a0000 - 0x00007ff8cc8c6000 	C:\Windows\system32\RPCRT4.dll
0x00007ff8cc340000 - 0x00007ff8cc48e000 	C:\Windows\system32\USER32.dll
0x00007ff8cc150000 - 0x00007ff8cc2d6000 	C:\Windows\system32\GDI32.dll
0x00007ff8b8a30000 - 0x00007ff8b8ca4000 	C:\Windows\WinSxS\amd64_microsoft.windows.common-controls_6595b64144ccf1df_6.0.10240.16384_none_f41f7b285750ef43\COMCTL32.dll
0x00007ff8cbc40000 - 0x00007ff8cbc76000 	C:\Windows\system32\IMM32.DLL
0x00007ff8cbf40000 - 0x00007ff8cc09c000 	C:\Windows\system32\MSCTF.dll
0x0000000073250000 - 0x0000000073322000 	E:\jdk1.8.0_172\jre\bin\msvcr100.dll
0x0000000071af0000 - 0x0000000072393000 	E:\jdk1.8.0_172\jre\bin\server\jvm.dll
0x00007ff8cbd40000 - 0x00007ff8cbd48000 	C:\Windows\system32\PSAPI.DLL
0x00007ff8be050000 - 0x00007ff8be073000 	C:\Windows\SYSTEM32\WINMM.dll
0x00007ff8c7c70000 - 0x00007ff8c7c79000 	C:\Windows\SYSTEM32\WSOCK32.dll
0x00007ff8c09f0000 - 0x00007ff8c09fa000 	C:\Windows\SYSTEM32\VERSION.dll
0x00007ff8cc4f0000 - 0x00007ff8cc559000 	C:\Windows\system32\WS2_32.dll
0x00007ff8be020000 - 0x00007ff8be04c000 	C:\Windows\SYSTEM32\WINMMBASE.dll
0x00007ff8cbd30000 - 0x00007ff8cbd38000 	C:\Windows\system32\NSI.dll
0x00007ff8cb8f0000 - 0x00007ff8cb934000 	C:\Windows\system32\cfgmgr32.dll
0x00007ff8c9850000 - 0x00007ff8c9877000 	C:\Windows\SYSTEM32\DEVOBJ.dll
0x00000000736e0000 - 0x00000000736ef000 	E:\jdk1.8.0_172\jre\bin\verify.dll
0x00000000736b0000 - 0x00000000736d9000 	E:\jdk1.8.0_172\jre\bin\java.dll
0x0000000073210000 - 0x0000000073245000 	E:\jdk1.8.0_172\jre\bin\jdwp.dll
0x0000000073640000 - 0x0000000073648000 	E:\jdk1.8.0_172\jre\bin\npt.dll
0x00007ff8bb2a0000 - 0x00007ff8bb2da000 	C:\Users\Administrator\.IntelliJIdea2019.2\config\plugins\jr-ide-idea\lib\jrebel6\lib\jrebel64.dll
0x00007ff8cced0000 - 0x00007ff8ce3f2000 	C:\Windows\system32\SHELL32.dll
0x00007ff8cb2c0000 - 0x00007ff8cb8e9000 	C:\Windows\system32\windows.storage.dll
0x00007ff8ccc50000 - 0x00007ff8ccecc000 	C:\Windows\system32\combase.dll
0x00007ff8cc6d0000 - 0x00007ff8cc721000 	C:\Windows\system32\shlwapi.dll
0x00007ff8caf70000 - 0x00007ff8caf7f000 	C:\Windows\system32\kernel.appcore.dll
0x00007ff8cb200000 - 0x00007ff8cb2b3000 	C:\Windows\system32\shcore.dll
0x00007ff8caf20000 - 0x00007ff8caf6a000 	C:\Windows\system32\powrprof.dll
0x00007ff8caf00000 - 0x00007ff8caf13000 	C:\Windows\system32\profapi.dll
0x00007ff8ca7b0000 - 0x00007ff8ca7bb000 	C:\Windows\SYSTEM32\CRYPTBASE.DLL
0x00007ff8cad00000 - 0x00007ff8cad6b000 	C:\Windows\SYSTEM32\bcryptPrimitives.dll
0x00000000731e0000 - 0x0000000073203000 	E:\jdk1.8.0_172\jre\bin\instrument.dll
0x0000000073690000 - 0x00000000736a6000 	E:\jdk1.8.0_172\jre\bin\zip.dll
0x0000000073540000 - 0x0000000073549000 	E:\jdk1.8.0_172\jre\bin\dt_socket.dll
0x00007ff8ca7f0000 - 0x00007ff8ca84d000 	C:\Windows\system32\mswsock.dll
0x00000000731d0000 - 0x00000000731dd000 	E:\jdk1.8.0_172\jre\bin\management.dll
0x0000000073670000 - 0x000000007368a000 	E:\jdk1.8.0_172\jre\bin\net.dll
0x0000000073650000 - 0x0000000073661000 	E:\jdk1.8.0_172\jre\bin\nio.dll
0x00000000731a0000 - 0x00000000731c4000 	E:\jdk1.8.0_172\jre\bin\sunec.dll
0x00007ff8ba030000 - 0x00007ff8ba04b000 	C:\Users\Administrator\AppData\Local\Temp\jrebel-temp\ver-82528815\IdeaWin64.dll
0x0000000073190000 - 0x000000007319b000 	E:\jdk1.8.0_172\jre\bin\sunmscapi.dll
0x00007ff8cb030000 - 0x00007ff8cb1f1000 	C:\Windows\system32\CRYPT32.dll
0x00007ff8caee0000 - 0x00007ff8caef1000 	C:\Windows\system32\MSASN1.dll
0x00007ff8c8100000 - 0x00007ff8c8138000 	C:\Windows\SYSTEM32\IPHLPAPI.DLL
0x00007ff8c8370000 - 0x00007ff8c837b000 	C:\Windows\SYSTEM32\WINNSI.DLL
0x00007ff8c7c50000 - 0x00007ff8c7c66000 	C:\Windows\SYSTEM32\dhcpcsvc6.DLL
0x00007ff8c7f90000 - 0x00007ff8c7faa000 	C:\Windows\SYSTEM32\dhcpcsvc.DLL
0x00007ff8ca850000 - 0x00007ff8ca867000 	C:\Windows\SYSTEM32\CRYPTSP.dll
0x00007ff8cae10000 - 0x00007ff8cae38000 	C:\Windows\SYSTEM32\bcrypt.dll
0x00007ff8ca370000 - 0x00007ff8ca3a3000 	C:\Windows\system32\rsaenh.dll
0x00007ff8ca870000 - 0x00007ff8ca88f000 	C:\Windows\SYSTEM32\USERENV.dll
0x00007ff8ca440000 - 0x00007ff8ca4e8000 	C:\Windows\SYSTEM32\DNSAPI.dll
0x00007ff8c1230000 - 0x00007ff8c123a000 	C:\Windows\System32\rasadhlp.dll
0x00007ff8c63b0000 - 0x00007ff8c6418000 	C:\Windows\System32\fwpuclnt.dll
0x00007ff8bc6a0000 - 0x00007ff8bc6b5000 	C:\Windows\system32\napinsp.dll
0x00007ff8bc680000 - 0x00007ff8bc69a000 	C:\Windows\system32\pnrpnsp.dll
0x00007ff8c8d20000 - 0x00007ff8c8d38000 	C:\Windows\system32\NLAapi.dll
0x00007ff8bc620000 - 0x00007ff8bc62d000 	C:\Windows\System32\winrnr.dll
0x00007ff8bc5d0000 - 0x00007ff8bc5e5000 	C:\Windows\system32\wshbth.dll

VM Arguments:
jvm_args: -agentlib:jdwp=transport=dt_socket,address=127.0.0.1:57697,suspend=y,server=n -Drebel.base=C:\Users\Administrator\.jrebel -Drebel.env.ide.plugin.version=2019.2.0 -Drebel.env.ide.version=2019.2.3 -Drebel.env.ide.product=IU -Drebel.env.ide=intellij -Drebel.notification.url=http://localhost:65185 -agentpath:C:\Users\Administrator\.IntelliJIdea2019.2\config\plugins\jr-ide-idea\lib\jrebel6\lib\jrebel64.dll -XX:TieredStopAtLevel=1 -Xverify:none -Dspring.output.ansi.enabled=always -Dcom.sun.management.jmxremote -Dspring.jmx.enabled=true -Dspring.liveBeansView.mbeanDomain -Dspring.application.admin.enabled=true -javaagent:C:\Users\Administrator\AppData\Local\JetBrains\Toolbox\apps\IDEA-U\ch-0\192.6817.14\plugins\java\lib\rt\debugger-agent.jar -Dfile.encoding=UTF-8 
java_command: com.gxs.springcloud.EurekaServer7001App
java_class_path (initial): E:\jdk1.8.0_172\jre\lib\charsets.jar;E:\jdk1.8.0_172\jre\lib\deploy.jar;E:\jdk1.8.0_172\jre\lib\ext\access-bridge-64.jar;E:\jdk1.8.0_172\jre\lib\ext\cldrdata.jar;E:\jdk1.8.0_172\jre\lib\ext\dnsns.jar;E:\jdk1.8.0_172\jre\lib\ext\jaccess.jar;E:\jdk1.8.0_172\jre\lib\ext\jfxrt.jar;E:\jdk1.8.0_172\jre\lib\ext\localedata.jar;E:\jdk1.8.0_172\jre\lib\ext\nashorn.jar;E:\jdk1.8.0_172\jre\lib\ext\sunec.jar;E:\jdk1.8.0_172\jre\lib\ext\sunjce_provider.jar;E:\jdk1.8.0_172\jre\lib\ext\sunmscapi.jar;E:\jdk1.8.0_172\jre\lib\ext\sunpkcs11.jar;E:\jdk1.8.0_172\jre\lib\ext\zipfs.jar;E:\jdk1.8.0_172\jre\lib\javaws.jar;E:\jdk1.8.0_172\jre\lib\jce.jar;E:\jdk1.8.0_172\jre\lib\jfr.jar;E:\jdk1.8.0_172\jre\lib\jfxswt.jar;E:\jdk1.8.0_172\jre\lib\jsse.jar;E:\jdk1.8.0_172\jre\lib\management-agent.jar;E:\jdk1.8.0_172\jre\lib\plugin.jar;E:\jdk1.8.0_172\jre\lib\resources.jar;E:\jdk1.8.0_172\jre\lib\rt.jar;E:\svn\springcloudstudy\springcloud-study-euraka-7001\target\classes;E:\apache-maven-3.5.3\repository\org\springframework\cloud\spring-cloud-starter-eureka-server\1.3.1.RELEASE\spring-cloud-starter-eureka-server-1.3.1.RELEASE.jar;E:\apache-maven-3.5.3\repository\org\springframework\cloud\spring-cloud-starter\1.2.2.RELEASE\spring-cloud-starter-1.2.2.RELEASE.jar;E:\apache-maven-3.5.3\repository\org\springframework\boot\spring-boot-starter\1.5.19.RELEASE\spring-boot-starter-1.5.19.RELEASE.jar;E:\apache-maven-3.5.3\repository\org\springframework\boot\spring-boot-starter-logging\1.5.19.RELEASE\spring-boot-starter-logging-1.5.19.RELEASE.jar;E:\apache-maven-3.5.3\repository\ch\qos\logback\logback-classic\1.1.11\logback-classic-1.1.11.jar;E:\apache-maven-3.5.3\repository\ch\qos\logback\logback-core\1.2.3\logback-core-1.2.3.jar;E:\apache-maven-3.5.3\repository\org\slf4j\jcl-over-slf4j\1.7.25\jcl-over-slf4j-1.7.25.jar;E:\apache-maven-3.5.3\repository\org\slf4j\jul-to-slf4j\1.7.25\jul-to-slf4j-1.7.25.jar;E:\apache-maven-3.5.3\repository\org\slf4j\log4j-over-slf4j\1.7.25\log4j-over
Launcher Type: SUN_STANDARD

Environment Variables:
JAVA_HOME=E:\jdk1.8.0_172;
CLASSPATH=;E:\jdk1.8.0_172;\bin;E:\jdk1.8.0_172;\jre\bin;
PATH=C:\Program Files (x86)\Common Files\Oracle\Java\javapath;C:\Windows\system32;C:\Windows;C:\Windows\System32\Wbem;C:\Windows\System32\WindowsPowerShell\v1.0\;E:\Program Files\TortoiseSVN\bin;E:\Program Files\nodejs\;E:\jdk1.8.0_172\bin;C:\Users\Administrator\AppData\Roaming\npm;E:\Microsoft VS Code\bin
USERNAME=Administrator
OS=Windows_NT
PROCESSOR_IDENTIFIER=Intel64 Family 6 Model 78 Stepping 3, GenuineIntel



---------------  S Y S T E M  ---------------

OS: Windows 10.0 , 64 bit Build 10240 (10.0.10240.16384)

CPU:total 4 (initial active 4) (2 cores per cpu, 2 threads per core) family 6 model 78 stepping 3, cmov, cx8, fxsr, mmx, sse, sse2, sse3, ssse3, sse4.1, sse4.2, popcnt, avx, avx2, aes, clmul, erms, 3dnowpref, lzcnt, ht, tsc, tscinvbit, bmi1, bmi2, adx

Memory: 4k page, physical 16239292k(5079100k free), swap 16239292k(3096k free)

vm_info: Java HotSpot(TM) 64-Bit Server VM (25.172-b11) for windows-amd64 JRE (1.8.0_172-b11), built on Mar 28 2018 21:21:52 by "java_re" with MS VC++ 10.0 (VS2010)

time: Fri Oct 18 16:10:15 2019
elapsed time: 22 seconds (0d 0h 0m 22s)

